<?xml version="1.0" encoding="utf-8"?><testsuites name="pytest tests"><testsuite name="pytest" errors="0" failures="0" skipped="0" tests="24" time="5.530" timestamp="2026-05-22T01:29:29.117530+00:00" hostname="agent-env-d7e8db85-fb26-47f1-add4-a20b4d2193b0"><testcase classname="backend.tests.test_marketplace.TestSeedAndList" name="test_seed_creates_characters_and_worlds" time="0.771" /><testcase classname="backend.tests.test_marketplace.TestSeedAndList" name="test_list_characters_returns_8" time="0.048" /><testcase classname="backend.tests.test_marketplace.TestSeedAndList" name="test_list_worlds_returns_6" time="0.048" /><testcase classname="backend.tests.test_marketplace.TestSeedAndList" name="test_character_detail_200" time="0.095" /><testcase classname="backend.tests.test_marketplace.TestSeedAndList" name="test_character_detail_404" time="0.055" /><testcase classname="backend.tests.test_marketplace.TestSeedAndList" name="test_world_detail_200" time="0.097" /><testcase classname="backend.tests.test_marketplace.TestSeedAndList" name="test_world_detail_404" time="0.056" /><testcase classname="backend.tests.test_marketplace.TestTiers" name="test_tiers_structure_and_amounts" time="0.053" /><testcase classname="backend.tests.test_marketplace.TestCreateAssets" name="test_create_character_requires_auth" time="0.046" /><testcase classname="backend.tests.test_marketplace.TestCreateAssets" name="test_create_character" time="0.377" /><testcase classname="backend.tests.test_marketplace.TestCreateAssets" name="test_create_world" time="0.046" /><testcase classname="backend.tests.test_marketplace.TestLicenseCheckout" name="test_checkout_requires_auth" time="0.094" /><testcase classname="backend.tests.test_marketplace.TestLicenseCheckout" name="test_checkout_invalid_asset_type" time="0.318" /><testcase classname="backend.tests.test_marketplace.TestLicenseCheckout" name="test_checkout_invalid_tier" time="0.051" /><testcase classname="backend.tests.test_marketplace.TestLicenseCheckout" name="test_checkout_rejects_owner_buying_own_asset" time="0.054" /><testcase classname="backend.tests.test_marketplace.TestLicenseCheckout" name="test_checkout_returns_url_and_session_id" time="0.602" /><testcase classname="backend.tests.test_marketplace.TestLicenseCheckout" name="test_checkout_unknown_asset_returns_404" time="0.052" /><testcase classname="backend.tests.test_marketplace.TestLicenseStatus" name="test_status_for_just_created_session_no_500" time="0.401" /><testcase classname="backend.tests.test_marketplace.TestLicenseStatus" name="test_status_unknown_session_returns_404" time="0.048" /><testcase classname="backend.tests.test_marketplace.TestLicenseStatus" name="test_status_idempotent_no_double_credit" time="1.422" /><testcase classname="backend.tests.test_marketplace.TestLicensesMyAndEarnings" name="test_my_licenses_requires_auth" time="0.044" /><testcase classname="backend.tests.test_marketplace.TestLicensesMyAndEarnings" name="test_my_licenses_empty_for_new_user" time="0.314" /><testcase classname="backend.tests.test_marketplace.TestLicensesMyAndEarnings" name="test_earnings_requires_auth" time="0.045" /><testcase classname="backend.tests.test_marketplace.TestLicensesMyAndEarnings" name="test_earnings_zero_for_new_user" time="0.321" /></testsuite></testsuites>