<?xml version="1.0" encoding="utf-8"?><testsuites name="pytest tests"><testsuite name="pytest" errors="0" failures="0" skipped="0" tests="27" time="4.558" timestamp="2026-05-22T01:15:43.982306+00:00" hostname="agent-env-d7e8db85-fb26-47f1-add4-a20b4d2193b0"><testcase classname="backend.tests.test_cinemaforge" name="test_seed_idempotent" time="0.407" /><testcase classname="backend.tests.test_cinemaforge" name="test_login_success" time="0.613" /><testcase classname="backend.tests.test_cinemaforge" name="test_login_invalid" time="0.050" /><testcase classname="backend.tests.test_cinemaforge" name="test_register_duplicate" time="0.048" /><testcase classname="backend.tests.test_cinemaforge" name="test_auth_me" time="0.053" /><testcase classname="backend.tests.test_cinemaforge" name="test_auth_me_unauth" time="0.051" /><testcase classname="backend.tests.test_cinemaforge" name="test_prompts" time="0.057" /><testcase classname="backend.tests.test_cinemaforge" name="test_actors" time="0.048" /><testcase classname="backend.tests.test_cinemaforge" name="test_movies_list_default" time="0.056" /><testcase classname="backend.tests.test_cinemaforge" name="test_movies_sort[new]" time="0.053" /><testcase classname="backend.tests.test_cinemaforge" name="test_movies_sort[rating]" time="0.050" /><testcase classname="backend.tests.test_cinemaforge" name="test_movies_sort[watches]" time="0.055" /><testcase classname="backend.tests.test_cinemaforge" name="test_movies_sort[clicks]" time="0.062" /><testcase classname="backend.tests.test_cinemaforge" name="test_movies_genre_filter" time="0.062" /><testcase classname="backend.tests.test_cinemaforge" name="test_movies_search" time="0.049" /><testcase classname="backend.tests.test_cinemaforge" name="test_movies_coming_soon" time="0.053" /><testcase classname="backend.tests.test_cinemaforge" name="test_leaderboard" time="0.052" /><testcase classname="backend.tests.test_cinemaforge" name="test_movie_detail_increments_clicks" time="0.108" /><testcase classname="backend.tests.test_cinemaforge" name="test_movie_detail_not_found" time="0.066" /><testcase classname="backend.tests.test_cinemaforge" name="test_create_movie_requires_auth" time="0.055" /><testcase classname="backend.tests.test_cinemaforge" name="test_create_movie_and_persist" time="0.100" /><testcase classname="backend.tests.test_cinemaforge" name="test_like_toggle" time="0.160" /><testcase classname="backend.tests.test_cinemaforge" name="test_watch_increments" time="0.202" /><testcase classname="backend.tests.test_cinemaforge" name="test_rate_movie" time="0.149" /><testcase classname="backend.tests.test_cinemaforge" name="test_fork_movie" time="0.160" /><testcase classname="backend.tests.test_cinemaforge" name="test_archive_only_creator" time="0.194" /><testcase classname="backend.tests.test_cinemaforge" name="test_ai_chat" time="1.473" /></testsuite></testsuites>