<?xml version="1.0" encoding="utf-8"?><testsuites name="pytest tests"><testsuite name="pytest" errors="0" failures="0" skipped="0" tests="63" time="14.202" timestamp="2026-05-22T01:30:12.087302+00:00" hostname="agent-env-d7e8db85-fb26-47f1-add4-a20b4d2193b0"><testcase classname="backend.tests.test_cinemaforge" name="test_seed_idempotent" time="0.672" /><testcase classname="backend.tests.test_cinemaforge" name="test_login_success" time="0.827" /><testcase classname="backend.tests.test_cinemaforge" name="test_login_invalid" time="0.050" /><testcase classname="backend.tests.test_cinemaforge" name="test_register_duplicate" time="0.050" /><testcase classname="backend.tests.test_cinemaforge" name="test_auth_me" time="0.051" /><testcase classname="backend.tests.test_cinemaforge" name="test_auth_me_unauth" time="0.050" /><testcase classname="backend.tests.test_cinemaforge" name="test_prompts" time="0.049" /><testcase classname="backend.tests.test_cinemaforge" name="test_actors" time="0.049" /><testcase classname="backend.tests.test_cinemaforge" name="test_movies_list_default" time="0.064" /><testcase classname="backend.tests.test_cinemaforge" name="test_movies_sort[new]" time="0.057" /><testcase classname="backend.tests.test_cinemaforge" name="test_movies_sort[rating]" time="0.057" /><testcase classname="backend.tests.test_cinemaforge" name="test_movies_sort[watches]" time="0.060" /><testcase classname="backend.tests.test_cinemaforge" name="test_movies_sort[clicks]" time="0.064" /><testcase classname="backend.tests.test_cinemaforge" name="test_movies_genre_filter" time="0.048" /><testcase classname="backend.tests.test_cinemaforge" name="test_movies_search" time="0.048" /><testcase classname="backend.tests.test_cinemaforge" name="test_movies_coming_soon" time="0.051" /><testcase classname="backend.tests.test_cinemaforge" name="test_leaderboard" time="0.051" /><testcase classname="backend.tests.test_cinemaforge" name="test_movie_detail_increments_clicks" time="0.103" /><testcase classname="backend.tests.test_cinemaforge" name="test_movie_detail_not_found" time="0.053" /><testcase classname="backend.tests.test_cinemaforge" name="test_create_movie_requires_auth" time="0.052" /><testcase classname="backend.tests.test_cinemaforge" name="test_create_movie_and_persist" time="0.101" /><testcase classname="backend.tests.test_cinemaforge" name="test_like_toggle" time="0.160" /><testcase classname="backend.tests.test_cinemaforge" name="test_watch_increments" time="0.204" /><testcase classname="backend.tests.test_cinemaforge" name="test_rate_movie" time="0.174" /><testcase classname="backend.tests.test_cinemaforge" name="test_fork_movie" time="0.156" /><testcase classname="backend.tests.test_cinemaforge" name="test_archive_only_creator" time="0.203" /><testcase classname="backend.tests.test_cinemaforge" name="test_ai_chat" time="1.416" /><testcase classname="backend.tests.test_marketplace.TestSeedAndList" name="test_seed_creates_characters_and_worlds" time="0.657" /><testcase classname="backend.tests.test_marketplace.TestSeedAndList" name="test_list_characters_returns_8" time="0.049" /><testcase classname="backend.tests.test_marketplace.TestSeedAndList" name="test_list_worlds_returns_6" time="0.054" /><testcase classname="backend.tests.test_marketplace.TestSeedAndList" name="test_character_detail_200" time="0.100" /><testcase classname="backend.tests.test_marketplace.TestSeedAndList" name="test_character_detail_404" time="0.051" /><testcase classname="backend.tests.test_marketplace.TestSeedAndList" name="test_world_detail_200" time="0.100" /><testcase classname="backend.tests.test_marketplace.TestSeedAndList" name="test_world_detail_404" time="0.047" /><testcase classname="backend.tests.test_marketplace.TestTiers" name="test_tiers_structure_and_amounts" time="0.050" /><testcase classname="backend.tests.test_marketplace.TestCreateAssets" name="test_create_character_requires_auth" time="0.051" /><testcase classname="backend.tests.test_marketplace.TestCreateAssets" name="test_create_character" time="0.379" /><testcase classname="backend.tests.test_marketplace.TestCreateAssets" name="test_create_world" time="0.050" /><testcase classname="backend.tests.test_marketplace.TestLicenseCheckout" name="test_checkout_requires_auth" time="0.099" /><testcase classname="backend.tests.test_marketplace.TestLicenseCheckout" name="test_checkout_invalid_asset_type" time="0.326" /><testcase classname="backend.tests.test_marketplace.TestLicenseCheckout" name="test_checkout_invalid_tier" time="0.049" /><testcase classname="backend.tests.test_marketplace.TestLicenseCheckout" name="test_checkout_rejects_owner_buying_own_asset" time="0.057" /><testcase classname="backend.tests.test_marketplace.TestLicenseCheckout" name="test_checkout_returns_url_and_session_id" time="0.498" /><testcase classname="backend.tests.test_marketplace.TestLicenseCheckout" name="test_checkout_unknown_asset_returns_404" time="0.046" /><testcase classname="backend.tests.test_marketplace.TestLicenseStatus" name="test_status_for_just_created_session_no_500" time="0.247" /><testcase classname="backend.tests.test_marketplace.TestLicenseStatus" name="test_status_unknown_session_returns_404" time="0.052" /><testcase classname="backend.tests.test_marketplace.TestLicenseStatus" name="test_status_idempotent_no_double_credit" time="1.292" /><testcase classname="backend.tests.test_marketplace.TestLicensesMyAndEarnings" name="test_my_licenses_requires_auth" time="0.047" /><testcase classname="backend.tests.test_marketplace.TestLicensesMyAndEarnings" name="test_my_licenses_empty_for_new_user" time="0.331" /><testcase classname="backend.tests.test_marketplace.TestLicensesMyAndEarnings" name="test_earnings_requires_auth" time="0.053" /><testcase classname="backend.tests.test_marketplace.TestLicensesMyAndEarnings" name="test_earnings_zero_for_new_user" time="0.335" /><testcase classname="backend.tests.test_tips" name="test_tips_packages_returns_four" time="0.172" /><testcase classname="backend.tests.test_tips" name="test_tips_checkout_requires_auth" time="0.641" /><testcase classname="backend.tests.test_tips" name="test_tips_checkout_invalid_package" time="0.337" /><testcase classname="backend.tests.test_tips" name="test_tips_checkout_movie_not_found" time="0.051" /><testcase classname="backend.tests.test_tips" name="test_tips_checkout_cannot_tip_own_movie" time="0.049" /><testcase classname="backend.tests.test_tips" name="test_tips_checkout_success" time="0.427" /><testcase classname="backend.tests.test_tips" name="test_tips_status_unpaid_session" time="0.254" /><testcase classname="backend.tests.test_tips" name="test_tips_status_not_found_returns_404" time="0.058" /><testcase classname="backend.tests.test_tips" name="test_tips_status_idempotent_does_not_double_credit" time="1.358" /><testcase classname="backend.tests.test_tips" name="test_movie_tips_shape" time="0.047" /><testcase classname="backend.tests.test_tips" name="test_stripe_webhook_handles_bad_signature" time="0.060" /><testcase classname="backend.tests.test_tips" name="test_checkout_creates_payment_transaction_record" time="0.688" /></testsuite></testsuites>