<?xml version="1.0" encoding="utf-8"?><testsuites name="pytest tests"><testsuite name="pytest" errors="0" failures="0" skipped="0" tests="12" time="4.312" timestamp="2026-05-22T01:15:35.144277+00:00" hostname="agent-env-d7e8db85-fb26-47f1-add4-a20b4d2193b0"><testcase classname="backend.tests.test_tips" name="test_tips_packages_returns_four" time="0.273" /><testcase classname="backend.tests.test_tips" name="test_tips_checkout_requires_auth" time="0.436" /><testcase classname="backend.tests.test_tips" name="test_tips_checkout_invalid_package" time="0.319" /><testcase classname="backend.tests.test_tips" name="test_tips_checkout_movie_not_found" time="0.061" /><testcase classname="backend.tests.test_tips" name="test_tips_checkout_cannot_tip_own_movie" time="0.056" /><testcase classname="backend.tests.test_tips" name="test_tips_checkout_success" time="0.567" /><testcase classname="backend.tests.test_tips" name="test_tips_status_unpaid_session" time="0.268" /><testcase classname="backend.tests.test_tips" name="test_tips_status_not_found_returns_404" time="0.264" /><testcase classname="backend.tests.test_tips" name="test_tips_status_idempotent_does_not_double_credit" time="1.255" /><testcase classname="backend.tests.test_tips" name="test_movie_tips_shape" time="0.049" /><testcase classname="backend.tests.test_tips" name="test_stripe_webhook_handles_bad_signature" time="0.049" /><testcase classname="backend.tests.test_tips" name="test_checkout_creates_payment_transaction_record" time="0.650" /></testsuite></testsuites>