<?xml version="1.0" encoding="utf-8"?><testsuites name="pytest tests"><testsuite name="pytest" errors="0" failures="3" skipped="0" tests="11" time="3.095" timestamp="2026-05-22T01:10:50.301439+00:00" hostname="agent-env-d7e8db85-fb26-47f1-add4-a20b4d2193b0"><testcase classname="backend.tests.test_tips" name="test_tips_packages_returns_four" time="0.238" /><testcase classname="backend.tests.test_tips" name="test_tips_checkout_requires_auth" time="0.432" /><testcase classname="backend.tests.test_tips" name="test_tips_checkout_invalid_package" time="0.325" /><testcase classname="backend.tests.test_tips" name="test_tips_checkout_movie_not_found" time="0.047" /><testcase classname="backend.tests.test_tips" name="test_tips_checkout_cannot_tip_own_movie" time="0.055" /><testcase classname="backend.tests.test_tips" name="test_tips_checkout_success" time="0.584" /><testcase classname="backend.tests.test_tips" name="test_tips_status_unpaid_session" time="0.246"><failure message="assert 500 == 200&#10; +  where 500 = &lt;Response [500]&gt;.status_code">backend/tests/test_tips.py:128: in test_tips_status_unpaid_session
    assert r.status_code == 200
E   assert 500 == 200
E    +  where 500 = &lt;Response [500]&gt;.status_code</failure></testcase><testcase classname="backend.tests.test_tips" name="test_tips_status_idempotent_does_not_double_credit" time="0.260"><failure message="assert 500 == 200&#10; +  where 500 = &lt;Response [500]&gt;.status_code">backend/tests/test_tips.py:143: in test_tips_status_idempotent_does_not_double_credit
    assert r.status_code == 200
E   assert 500 == 200
E    +  where 500 = &lt;Response [500]&gt;.status_code</failure></testcase><testcase classname="backend.tests.test_tips" name="test_movie_tips_shape" time="0.050" /><testcase classname="backend.tests.test_tips" name="test_stripe_webhook_handles_bad_signature" time="0.050" /><testcase classname="backend.tests.test_tips" name="test_checkout_creates_payment_transaction_record" time="0.704"><failure message="assert 500 == 200&#10; +  where 500 = &lt;Response [500]&gt;.status_code">backend/tests/test_tips.py:185: in test_checkout_creates_payment_transaction_record
    assert s.status_code == 200
E   assert 500 == 200
E    +  where 500 = &lt;Response [500]&gt;.status_code</failure></testcase></testsuite></testsuites>